Flow report for lab8
Sun Oct 27 16:56:16 2019
Quartus Prime Version 18.0.0 Build 614 04/24/2018 SJ Lite Edition


---------------------
; Table of Contents ;
---------------------
  1. Legal Notice
  2. Flow Summary
  3. Flow Settings
  4. Flow Non-Default Global Settings
  5. Flow Elapsed Time
  6. Flow OS Summary
  7. Flow Log
  8. Flow Messages
  9. Flow Suppressed Messages



----------------
; Legal Notice ;
----------------
Copyright (C) 2018  Intel Corporation. All rights reserved.
Your use of Intel Corporation's design tools, logic functions 
and other software and tools, and its AMPP partner logic 
functions, and any output files from any of the foregoing 
(including device programming or simulation files), and any 
associated documentation or information are expressly subject 
to the terms and conditions of the Intel Program License 
Subscription Agreement, the Intel Quartus Prime License Agreement,
the Intel FPGA IP License Agreement, or other applicable license
agreement, including, without limitation, that your use is for
the sole purpose of programming logic devices manufactured by
Intel and sold by Intel or its authorized distributors.  Please
refer to the applicable agreement for further details.



+----------------------------------------------------------------------------------+
; Flow Summary                                                                     ;
+------------------------------------+---------------------------------------------+
; Flow Status                        ; Successful - Sun Oct 27 16:56:05 2019       ;
; Quartus Prime Version              ; 18.0.0 Build 614 04/24/2018 SJ Lite Edition ;
; Revision Name                      ; lab8                                        ;
; Top-level Entity Name              ; lab9_top                                    ;
; Family                             ; Cyclone IV E                                ;
; Device                             ; EP4CE115F29C7                               ;
; Timing Models                      ; Final                                       ;
; Total logic elements               ; 4,019 / 114,480 ( 4 % )                     ;
;     Total combinational functions  ; 3,399 / 114,480 ( 3 % )                     ;
;     Dedicated logic registers      ; 2,464 / 114,480 ( 2 % )                     ;
; Total registers                    ; 2583                                        ;
; Total pins                         ; 142 / 529 ( 27 % )                          ;
; Total virtual pins                 ; 0                                           ;
; Total memory bits                  ; 11,392 / 3,981,312 ( < 1 % )                ;
; Embedded Multiplier 9-bit elements ; 0 / 532 ( 0 % )                             ;
; Total PLLs                         ; 1 / 4 ( 25 % )                              ;
+------------------------------------+---------------------------------------------+


+-----------------------------------------+
; Flow Settings                           ;
+-------------------+---------------------+
; Option            ; Setting             ;
+-------------------+---------------------+
; Start date & time ; 10/27/2019 16:54:13 ;
; Main task         ; Compilation         ;
; Revision Name     ; lab8                ;
+-------------------+---------------------+


+-------------------------------------------------------------------------------------------------------------------------------------------------+
; Flow Non-Default Global Settings                                                                                                                ;
+-------------------------------------+------------------------------------------------------------+---------------+-----------------+------------+
; Assignment Name                     ; Value                                                      ; Default Value ; Entity Name     ; Section Id ;
+-------------------------------------+------------------------------------------------------------+---------------+-----------------+------------+
; COMPILER_SIGNATURE_ID               ; 215729420104445.157221325209572                            ; --            ; --              ; --         ;
; MAX_CORE_JUNCTION_TEMP              ; 85                                                         ; --            ; --              ; --         ;
; MIN_CORE_JUNCTION_TEMP              ; 0                                                          ; --            ; --              ; --         ;
; MISC_FILE                           ; lab9_soc/synthesis/../lab9_soc.cmp                         ; --            ; --              ; --         ;
; MISC_FILE                           ; lab9_soc/synthesis/../../lab9_soc.qsys                     ; --            ; --              ; --         ;
; PARTITION_COLOR                     ; -- (Not supported for targeted family)                     ; --            ; DE2_115_Default ; Top        ;
; PARTITION_COLOR                     ; -- (Not supported for targeted family)                     ; --            ; --              ; Top        ;
; PARTITION_COLOR                     ; -- (Not supported for targeted family)                     ; --            ; lab9_top        ; Top        ;
; PARTITION_FITTER_PRESERVATION_LEVEL ; -- (Not supported for targeted family)                     ; --            ; DE2_115_Default ; Top        ;
; PARTITION_FITTER_PRESERVATION_LEVEL ; -- (Not supported for targeted family)                     ; --            ; --              ; Top        ;
; PARTITION_FITTER_PRESERVATION_LEVEL ; -- (Not supported for targeted family)                     ; --            ; lab9_top        ; Top        ;
; PARTITION_NETLIST_TYPE              ; -- (Not supported for targeted family)                     ; --            ; DE2_115_Default ; Top        ;
; PARTITION_NETLIST_TYPE              ; -- (Not supported for targeted family)                     ; --            ; --              ; Top        ;
; PARTITION_NETLIST_TYPE              ; -- (Not supported for targeted family)                     ; --            ; lab9_top        ; Top        ;
; SLD_FILE                            ; lab9_soc/synthesis/lab9_soc.regmap                         ; --            ; --              ; --         ;
; SLD_FILE                            ; lab9_soc/synthesis/lab9_soc.debuginfo                      ; --            ; --              ; --         ;
; SLD_INFO                            ; QSYS_NAME lab9_soc HAS_SOPCINFO 1 GENERATION_ID 1572209757 ; --            ; lab9_soc        ; --         ;
; SOPCINFO_FILE                       ; lab9_soc/synthesis/../../lab9_soc.sopcinfo                 ; --            ; --              ; --         ;
; SYNTHESIS_ONLY_QIP                  ; On                                                         ; --            ; --              ; --         ;
; TOP_LEVEL_ENTITY                    ; lab9_top                                                   ; lab8          ; --              ; --         ;
+-------------------------------------+------------------------------------------------------------+---------------+-----------------+------------+


+--------------------------------------------------------------------------------------------------------------------------+
; Flow Elapsed Time                                                                                                        ;
+----------------------+--------------+-------------------------+---------------------+------------------------------------+
; Module Name          ; Elapsed Time ; Average Processors Used ; Peak Virtual Memory ; Total CPU Time (on all processors) ;
+----------------------+--------------+-------------------------+---------------------+------------------------------------+
; Analysis & Synthesis ; 00:00:51     ; 1.0                     ; 4951 MB             ; 00:01:06                           ;
; Fitter               ; 00:00:38     ; 1.1                     ; 5871 MB             ; 00:00:57                           ;
; Assembler            ; 00:00:05     ; 1.0                     ; 4721 MB             ; 00:00:04                           ;
; Timing Analyzer      ; 00:00:09     ; 1.2                     ; 4923 MB             ; 00:00:06                           ;
; Total                ; 00:01:43     ; --                      ; --                  ; 00:02:13                           ;
+----------------------+--------------+-------------------------+---------------------+------------------------------------+


+------------------------------------------------------------------------------------+
; Flow OS Summary                                                                    ;
+----------------------+------------------+------------+------------+----------------+
; Module Name          ; Machine Hostname ; OS Name    ; OS Version ; Processor type ;
+----------------------+------------------+------------+------------+----------------+
; Analysis & Synthesis ; ECEB-3022-17     ; Windows 10 ; 10.0       ; x86_64         ;
; Fitter               ; ECEB-3022-17     ; Windows 10 ; 10.0       ; x86_64         ;
; Assembler            ; ECEB-3022-17     ; Windows 10 ; 10.0       ; x86_64         ;
; Timing Analyzer      ; ECEB-3022-17     ; Windows 10 ; 10.0       ; x86_64         ;
+----------------------+------------------+------------+------------+----------------+


------------
; Flow Log ;
------------
quartus_map --read_settings_files=on --write_settings_files=off lab9 -c lab8
quartus_fit --read_settings_files=off --write_settings_files=off lab9 -c lab8
quartus_asm --read_settings_files=off --write_settings_files=off lab9 -c lab8
quartus_sta lab9 -c lab8



